<?xml version="1.0" encoding="UTF-8"?>
<coverage generated="1551992232386" clover="3.2.0">
  <project timestamp="1551992232386" name="All files">
    <metrics statements="79" coveredstatements="77" conditionals="16" coveredconditionals="13" methods="29" coveredmethods="29" elements="124" coveredelements="119" complexity="0" loc="79" ncloc="79" packages="3" files="8" classes="8">
      <package name="src">
        <metrics statements="2" coveredstatements="2" conditionals="0" coveredconditionals="0" methods="0" coveredmethods="0"/>
        <file name="setupTests.js" path="/Users/idrislutaaya/Desktop/frontend-task/frontend-task/src/setupTests.js">
          <metrics statements="2" coveredstatements="2" conditionals="0" coveredconditionals="0" methods="0" coveredmethods="0"/>
          <line num="6" count="7" type="stmt"/>
          <line num="8" count="7" type="stmt"/>
        </file>
      </package>
      <package name="src.components">
        <metrics statements="22" coveredstatements="22" conditionals="4" coveredconditionals="2" methods="11" coveredmethods="11"/>
        <file name="addNote.js" path="/Users/idrislutaaya/Desktop/frontend-task/frontend-task/src/components/addNote.js">
          <metrics statements="3" coveredstatements="3" conditionals="0" coveredconditionals="0" methods="1" coveredmethods="1"/>
          <line num="7" count="2" type="stmt"/>
          <line num="14" count="1" type="stmt"/>
          <line num="40" count="2" type="stmt"/>
        </file>
        <file name="deleteComponent.js" path="/Users/idrislutaaya/Desktop/frontend-task/frontend-task/src/components/deleteComponent.js">
          <metrics statements="4" coveredstatements="4" conditionals="0" coveredconditionals="0" methods="2" coveredmethods="2"/>
          <line num="6" count="3" type="stmt"/>
          <line num="7" count="1" type="stmt"/>
          <line num="10" count="1" type="stmt"/>
          <line num="14" count="3" type="stmt"/>
        </file>
        <file name="displayNote.js" path="/Users/idrislutaaya/Desktop/frontend-task/frontend-task/src/components/displayNote.js">
          <metrics statements="3" coveredstatements="3" conditionals="2" coveredconditionals="1" methods="1" coveredmethods="1"/>
          <line num="7" count="2" type="stmt"/>
          <line num="8" count="1" type="stmt"/>
          <line num="21" count="2" type="stmt"/>
        </file>
        <file name="navBar.js" path="/Users/idrislutaaya/Desktop/frontend-task/frontend-task/src/components/navBar.js">
          <metrics statements="3" coveredstatements="3" conditionals="0" coveredconditionals="0" methods="1" coveredmethods="1"/>
          <line num="4" count="2" type="stmt"/>
          <line num="5" count="2" type="stmt"/>
          <line num="6" count="1" type="stmt"/>
        </file>
        <file name="search.js" path="/Users/idrislutaaya/Desktop/frontend-task/frontend-task/src/components/search.js">
          <metrics statements="3" coveredstatements="3" conditionals="0" coveredconditionals="0" methods="1" coveredmethods="1"/>
          <line num="6" count="2" type="stmt"/>
          <line num="7" count="1" type="stmt"/>
          <line num="14" count="2" type="stmt"/>
        </file>
        <file name="sideBar.js" path="/Users/idrislutaaya/Desktop/frontend-task/frontend-task/src/components/sideBar.js">
          <metrics statements="6" coveredstatements="6" conditionals="2" coveredconditionals="1" methods="5" coveredmethods="5"/>
          <line num="8" count="2" type="stmt"/>
          <line num="17" count="1" type="stmt"/>
          <line num="21" count="1" type="stmt"/>
          <line num="27" count="1" type="stmt"/>
          <line num="31" count="1" type="stmt"/>
          <line num="68" count="2" type="stmt"/>
        </file>
      </package>
      <package name="src.containers">
        <metrics statements="55" coveredstatements="53" conditionals="12" coveredconditionals="11" methods="18" coveredmethods="18"/>
        <file name="App.js" path="/Users/idrislutaaya/Desktop/frontend-task/frontend-task/src/containers/App.js">
          <metrics statements="55" coveredstatements="53" conditionals="12" coveredconditionals="11" methods="18" coveredmethods="18"/>
          <line num="15" count="26" type="stmt"/>
          <line num="16" count="26" type="stmt"/>
          <line num="27" count="26" type="stmt"/>
          <line num="28" count="26" type="stmt"/>
          <line num="32" count="26" type="cond" truecount="2" falsecount="0"/>
          <line num="33" count="26" type="stmt"/>
          <line num="37" count="1" type="stmt"/>
          <line num="38" count="1" type="stmt"/>
          <line num="39" count="1" type="stmt"/>
          <line num="40" count="1" type="stmt"/>
          <line num="41" count="1" type="stmt"/>
          <line num="42" count="1" type="stmt"/>
          <line num="44" count="1" type="stmt"/>
          <line num="53" count="1" type="stmt"/>
          <line num="57" count="3" type="stmt"/>
          <line num="58" count="3" type="stmt"/>
          <line num="65" count="3" type="stmt"/>
          <line num="67" count="3" type="cond" truecount="2" falsecount="0"/>
          <line num="68" count="1" type="stmt"/>
          <line num="69" count="2" type="cond" truecount="2" falsecount="0"/>
          <line num="70" count="1" type="stmt"/>
          <line num="72" count="1" type="stmt"/>
          <line num="73" count="1" type="stmt"/>
          <line num="74" count="1" type="cond" truecount="1" falsecount="1"/>
          <line num="75" count="0" type="stmt"/>
          <line num="76" count="0" type="stmt"/>
          <line num="78" count="1" type="stmt"/>
          <line num="81" count="1" type="stmt"/>
          <line num="83" count="1" type="stmt"/>
          <line num="85" count="1" type="stmt"/>
          <line num="96" count="4" type="stmt"/>
          <line num="100" count="4" type="stmt"/>
          <line num="102" count="4" type="stmt"/>
          <line num="108" count="4" type="cond" truecount="2" falsecount="0"/>
          <line num="109" count="2" type="stmt"/>
          <line num="110" count="2" type="cond" truecount="2" falsecount="0"/>
          <line num="111" count="1" type="stmt"/>
          <line num="113" count="1" type="stmt"/>
          <line num="114" count="1" type="stmt"/>
          <line num="115" count="1" type="stmt"/>
          <line num="116" count="1" type="stmt"/>
          <line num="124" count="1" type="stmt"/>
          <line num="129" count="1" type="stmt"/>
          <line num="133" count="1" type="stmt"/>
          <line num="137" count="4" type="stmt"/>
          <line num="138" count="4" type="stmt"/>
          <line num="142" count="1" type="stmt"/>
          <line num="143" count="1" type="stmt"/>
          <line num="144" count="1" type="stmt"/>
          <line num="148" count="1" type="stmt"/>
          <line num="149" count="1" type="stmt"/>
          <line num="164" count="83" type="stmt"/>
          <line num="166" count="83" type="stmt"/>
          <line num="167" count="49" type="stmt"/>
          <line num="168" count="83" type="stmt"/>
        </file>
      </package>
    </metrics>
  </project>
</coverage>
