<?xml version="1.0" encoding="UTF-8"?>
<coverage generated="1552047547613" clover="3.2.0">
  <project timestamp="1552047547613" name="All files">
    <metrics statements="83" coveredstatements="81" conditionals="20" coveredconditionals="17" methods="29" coveredmethods="29" elements="132" coveredelements="127" complexity="0" loc="83" ncloc="83" packages="3" files="8" classes="8">
      <package name="src">
        <metrics statements="2" coveredstatements="2" conditionals="0" coveredconditionals="0" methods="0" coveredmethods="0"/>
        <file name="setupTests.js" path="/Users/idrislutaaya/Desktop/frontend-task/frontend-task/src/setupTests.js">
          <metrics statements="2" coveredstatements="2" conditionals="0" coveredconditionals="0" methods="0" coveredmethods="0"/>
          <line num="6" count="7" type="stmt"/>
          <line num="8" count="7" type="stmt"/>
        </file>
      </package>
      <package name="src.components">
        <metrics statements="22" coveredstatements="22" conditionals="4" coveredconditionals="2" methods="11" coveredmethods="11"/>
        <file name="addNote.js" path="/Users/idrislutaaya/Desktop/frontend-task/frontend-task/src/components/addNote.js">
          <metrics statements="3" coveredstatements="3" conditionals="0" coveredconditionals="0" methods="1" coveredmethods="1"/>
          <line num="7" count="2" type="stmt"/>
          <line num="14" count="1" type="stmt"/>
          <line num="40" count="2" type="stmt"/>
        </file>
        <file name="deleteComponent.js" path="/Users/idrislutaaya/Desktop/frontend-task/frontend-task/src/components/deleteComponent.js">
          <metrics statements="4" coveredstatements="4" conditionals="0" coveredconditionals="0" methods="2" coveredmethods="2"/>
          <line num="6" count="3" type="stmt"/>
          <line num="7" count="1" type="stmt"/>
          <line num="10" count="1" type="stmt"/>
          <line num="14" count="3" type="stmt"/>
        </file>
        <file name="displayNote.js" path="/Users/idrislutaaya/Desktop/frontend-task/frontend-task/src/components/displayNote.js">
          <metrics statements="3" coveredstatements="3" conditionals="2" coveredconditionals="1" methods="1" coveredmethods="1"/>
          <line num="7" count="2" type="stmt"/>
          <line num="8" count="1" type="stmt"/>
          <line num="21" count="2" type="stmt"/>
        </file>
        <file name="navBar.js" path="/Users/idrislutaaya/Desktop/frontend-task/frontend-task/src/components/navBar.js">
          <metrics statements="3" coveredstatements="3" conditionals="0" coveredconditionals="0" methods="1" coveredmethods="1"/>
          <line num="4" count="2" type="stmt"/>
          <line num="5" count="2" type="stmt"/>
          <line num="6" count="1" type="stmt"/>
        </file>
        <file name="search.js" path="/Users/idrislutaaya/Desktop/frontend-task/frontend-task/src/components/search.js">
          <metrics statements="3" coveredstatements="3" conditionals="0" coveredconditionals="0" methods="1" coveredmethods="1"/>
          <line num="6" count="2" type="stmt"/>
          <line num="7" count="1" type="stmt"/>
          <line num="14" count="2" type="stmt"/>
        </file>
        <file name="sideBar.js" path="/Users/idrislutaaya/Desktop/frontend-task/frontend-task/src/components/sideBar.js">
          <metrics statements="6" coveredstatements="6" conditionals="2" coveredconditionals="1" methods="5" coveredmethods="5"/>
          <line num="8" count="2" type="stmt"/>
          <line num="17" count="1" type="stmt"/>
          <line num="21" count="1" type="stmt"/>
          <line num="31" count="1" type="stmt"/>
          <line num="35" count="1" type="stmt"/>
          <line num="72" count="2" type="stmt"/>
        </file>
      </package>
      <package name="src.containers">
        <metrics statements="59" coveredstatements="57" conditionals="16" coveredconditionals="15" methods="18" coveredmethods="18"/>
        <file name="App.js" path="/Users/idrislutaaya/Desktop/frontend-task/frontend-task/src/containers/App.js">
          <metrics statements="59" coveredstatements="57" conditionals="16" coveredconditionals="15" methods="18" coveredmethods="18"/>
          <line num="15" count="30" type="stmt"/>
          <line num="16" count="30" type="stmt"/>
          <line num="27" count="30" type="stmt"/>
          <line num="28" count="30" type="stmt"/>
          <line num="32" count="30" type="cond" truecount="2" falsecount="0"/>
          <line num="33" count="30" type="stmt"/>
          <line num="37" count="1" type="stmt"/>
          <line num="38" count="1" type="stmt"/>
          <line num="39" count="1" type="stmt"/>
          <line num="40" count="1" type="stmt"/>
          <line num="41" count="1" type="stmt"/>
          <line num="42" count="1" type="stmt"/>
          <line num="44" count="1" type="stmt"/>
          <line num="53" count="1" type="stmt"/>
          <line num="57" count="4" type="stmt"/>
          <line num="58" count="4" type="stmt"/>
          <line num="65" count="4" type="stmt"/>
          <line num="67" count="4" type="cond" truecount="2" falsecount="0"/>
          <line num="68" count="1" type="stmt"/>
          <line num="69" count="3" type="cond" truecount="2" falsecount="0"/>
          <line num="70" count="1" type="stmt"/>
          <line num="71" count="2" type="cond" truecount="2" falsecount="0"/>
          <line num="72" count="1" type="stmt"/>
          <line num="74" count="1" type="stmt"/>
          <line num="75" count="1" type="stmt"/>
          <line num="76" count="1" type="cond" truecount="1" falsecount="1"/>
          <line num="77" count="0" type="stmt"/>
          <line num="78" count="0" type="stmt"/>
          <line num="80" count="1" type="stmt"/>
          <line num="83" count="1" type="stmt"/>
          <line num="85" count="1" type="stmt"/>
          <line num="87" count="1" type="stmt"/>
          <line num="98" count="5" type="stmt"/>
          <line num="102" count="5" type="stmt"/>
          <line num="104" count="5" type="stmt"/>
          <line num="110" count="5" type="cond" truecount="2" falsecount="0"/>
          <line num="111" count="2" type="stmt"/>
          <line num="112" count="3" type="cond" truecount="2" falsecount="0"/>
          <line num="113" count="1" type="stmt"/>
          <line num="114" count="2" type="cond" truecount="2" falsecount="0"/>
          <line num="115" count="1" type="stmt"/>
          <line num="117" count="1" type="stmt"/>
          <line num="118" count="1" type="stmt"/>
          <line num="119" count="1" type="stmt"/>
          <line num="120" count="1" type="stmt"/>
          <line num="128" count="1" type="stmt"/>
          <line num="133" count="1" type="stmt"/>
          <line num="137" count="1" type="stmt"/>
          <line num="141" count="5" type="stmt"/>
          <line num="142" count="5" type="stmt"/>
          <line num="146" count="1" type="stmt"/>
          <line num="147" count="1" type="stmt"/>
          <line num="148" count="1" type="stmt"/>
          <line num="152" count="1" type="stmt"/>
          <line num="153" count="1" type="stmt"/>
          <line num="168" count="97" type="stmt"/>
          <line num="170" count="97" type="stmt"/>
          <line num="171" count="59" type="stmt"/>
          <line num="172" count="97" type="stmt"/>
        </file>
      </package>
    </metrics>
  </project>
</coverage>
