{"/Users/idrislutaaya/Desktop/frontend-task/frontend-task/src/index.js": {"path":"/Users/idrislutaaya/Desktop/frontend-task/frontend-task/src/index.js","statementMap":{"0":{"start":{"line":1,"column":0},"end":{"line":null,"column":-1}},"1":{"start":{"line":2,"column":0},"end":{"line":null,"column":-1}},"2":{"start":{"line":3,"column":0},"end":{"line":null,"column":-1}},"3":{"start":{"line":5,"column":0},"end":{"line":null,"column":-1}}},"fnMap":{},"branchMap":{},"s":{"0":0,"1":0,"2":0,"3":0},"f":{},"b":{}}
,"/Users/idrislutaaya/Desktop/frontend-task/frontend-task/src/setupTests.js": {"path":"/Users/idrislutaaya/Desktop/frontend-task/frontend-task/src/setupTests.js","statementMap":{"0":{"start":{"line":6,"column":0},"end":{"line":6,"column":29}},"1":{"start":{"line":8,"column":0},"end":{"line":8,"column":38}}},"fnMap":{},"branchMap":{},"s":{"0":5,"1":5},"f":{},"b":{},"_coverageSchema":"332fd63041d2c1bcb487cc26dd0d5f7d97098a6c","hash":"477835356e218d57d510544aed42e64a0ffb4762"}
,"/Users/idrislutaaya/Desktop/frontend-task/frontend-task/src/components/addNote.js": {"path":"/Users/idrislutaaya/Desktop/frontend-task/frontend-task/src/components/addNote.js","statementMap":{"0":{"start":{"line":7,"column":19},"end":{"line":24,"column":1}},"1":{"start":{"line":8,"column":2},"end":{"line":23,"column":8}},"2":{"start":{"line":19,"column":96},"end":{"line":19,"column":126}},"3":{"start":{"line":26,"column":0},"end":{"line":30,"column":2}}},"fnMap":{"0":{"name":"(anonymous_0)","decl":{"start":{"line":7,"column":19},"end":{"line":7,"column":20}},"loc":{"start":{"line":8,"column":2},"end":{"line":23,"column":8}},"line":8},"1":{"name":"(anonymous_1)","decl":{"start":{"line":19,"column":88},"end":{"line":19,"column":89}},"loc":{"start":{"line":19,"column":94},"end":{"line":19,"column":128}},"line":19}},"branchMap":{},"s":{"0":1,"1":1,"2":0,"3":1},"f":{"0":1,"1":0},"b":{},"_coverageSchema":"332fd63041d2c1bcb487cc26dd0d5f7d97098a6c","hash":"a4a8bcc01e86f5d00fcf43da26e478e482ce0947"}
,"/Users/idrislutaaya/Desktop/frontend-task/frontend-task/src/components/deleteComponent.js": {"path":"/Users/idrislutaaya/Desktop/frontend-task/frontend-task/src/components/deleteComponent.js","statementMap":{"0":{"start":{"line":6,"column":24},"end":{"line":12,"column":1}},"1":{"start":{"line":7,"column":2},"end":{"line":11,"column":8}},"2":{"start":{"line":10,"column":72},"end":{"line":10,"column":105}},"3":{"start":{"line":14,"column":0},"end":{"line":17,"column":2}}},"fnMap":{"0":{"name":"(anonymous_0)","decl":{"start":{"line":6,"column":24},"end":{"line":6,"column":25}},"loc":{"start":{"line":7,"column":2},"end":{"line":11,"column":8}},"line":7},"1":{"name":"(anonymous_1)","decl":{"start":{"line":10,"column":64},"end":{"line":10,"column":65}},"loc":{"start":{"line":10,"column":70},"end":{"line":10,"column":107}},"line":10}},"branchMap":{},"s":{"0":2,"1":1,"2":0,"3":2},"f":{"0":1,"1":0},"b":{},"_coverageSchema":"332fd63041d2c1bcb487cc26dd0d5f7d97098a6c","hash":"c6180e7a597c6d53857f8d5ea52a6b7dd90fd64f"}
,"/Users/idrislutaaya/Desktop/frontend-task/frontend-task/src/components/displayNote.js": {"path":"/Users/idrislutaaya/Desktop/frontend-task/frontend-task/src/components/displayNote.js","statementMap":{"0":{"start":{"line":1,"column":0},"end":{"line":null,"column":-1}},"1":{"start":{"line":2,"column":0},"end":{"line":null,"column":-1}},"2":{"start":{"line":3,"column":0},"end":{"line":null,"column":-1}},"3":{"start":{"line":4,"column":0},"end":{"line":null,"column":-1}},"4":{"start":{"line":6,"column":20},"end":{"line":6,"column":0}},"5":{"start":{"line":7,"column":2},"end":{"line":6,"column":0}}},"fnMap":{"0":{"name":"(anonymous_0)","decl":{"start":{"line":6,"column":20},"end":{"line":6,"column":21}},"loc":{"start":{"line":7,"column":2},"end":{"line":6,"column":0}}}},"branchMap":{},"s":{"0":0,"1":0,"2":0,"3":0,"4":0,"5":0},"f":{"0":0},"b":{}}
,"/Users/idrislutaaya/Desktop/frontend-task/frontend-task/src/components/navBar.js": {"path":"/Users/idrislutaaya/Desktop/frontend-task/frontend-task/src/components/navBar.js","statementMap":{"0":{"start":{"line":4,"column":19},"end":{"line":4,"column":114}},"1":{"start":{"line":5,"column":15},"end":{"line":9,"column":1}},"2":{"start":{"line":6,"column":2},"end":{"line":8,"column":8}}},"fnMap":{"0":{"name":"(anonymous_0)","decl":{"start":{"line":5,"column":15},"end":{"line":5,"column":16}},"loc":{"start":{"line":6,"column":2},"end":{"line":8,"column":8}},"line":6}},"branchMap":{},"s":{"0":1,"1":1,"2":1},"f":{"0":1},"b":{},"_coverageSchema":"332fd63041d2c1bcb487cc26dd0d5f7d97098a6c","hash":"41f4817c54c7b1588631dda5b029bf34e8282508"}
,"/Users/idrislutaaya/Desktop/frontend-task/frontend-task/src/components/search.js": {"path":"/Users/idrislutaaya/Desktop/frontend-task/frontend-task/src/components/search.js","statementMap":{"0":{"start":{"line":6,"column":19},"end":{"line":12,"column":1}},"1":{"start":{"line":7,"column":2},"end":{"line":11,"column":8}},"2":{"start":{"line":14,"column":0},"end":{"line":16,"column":2}}},"fnMap":{"0":{"name":"(anonymous_0)","decl":{"start":{"line":6,"column":19},"end":{"line":6,"column":20}},"loc":{"start":{"line":7,"column":2},"end":{"line":11,"column":8}},"line":7}},"branchMap":{},"s":{"0":1,"1":1,"2":1},"f":{"0":1},"b":{},"_coverageSchema":"332fd63041d2c1bcb487cc26dd0d5f7d97098a6c","hash":"c96cda79728d4f0dfc29bcc183faea0029662f0a"}
,"/Users/idrislutaaya/Desktop/frontend-task/frontend-task/src/components/sideBar.js": {"path":"/Users/idrislutaaya/Desktop/frontend-task/frontend-task/src/components/sideBar.js","statementMap":{"0":{"start":{"line":8,"column":16},"end":{"line":58,"column":1}},"1":{"start":{"line":15,"column":2},"end":{"line":57,"column":8}},"2":{"start":{"line":20,"column":9},"end":{"line":34,"column":13}},"3":{"start":{"line":20,"column":97},"end":{"line":20,"column":120}},"4":{"start":{"line":26,"column":29},"end":{"line":26,"column":58}},"5":{"start":{"line":30,"column":66},"end":{"line":30,"column":98}},"6":{"start":{"line":60,"column":0},"end":{"line":69,"column":2}}},"fnMap":{"0":{"name":"(anonymous_0)","decl":{"start":{"line":8,"column":16},"end":{"line":8,"column":17}},"loc":{"start":{"line":15,"column":2},"end":{"line":57,"column":8}},"line":15},"1":{"name":"(anonymous_1)","decl":{"start":{"line":19,"column":21},"end":{"line":19,"column":22}},"loc":{"start":{"line":20,"column":9},"end":{"line":34,"column":13}},"line":20},"2":{"name":"(anonymous_2)","decl":{"start":{"line":20,"column":89},"end":{"line":20,"column":90}},"loc":{"start":{"line":20,"column":95},"end":{"line":20,"column":122}},"line":20},"3":{"name":"(anonymous_3)","decl":{"start":{"line":26,"column":23},"end":{"line":26,"column":24}},"loc":{"start":{"line":26,"column":29},"end":{"line":26,"column":58}},"line":26},"4":{"name":"(anonymous_4)","decl":{"start":{"line":30,"column":58},"end":{"line":30,"column":59}},"loc":{"start":{"line":30,"column":64},"end":{"line":30,"column":100}},"line":30}},"branchMap":{},"s":{"0":1,"1":1,"2":1,"3":0,"4":0,"5":0,"6":1},"f":{"0":1,"1":1,"2":0,"3":0,"4":0},"b":{},"_coverageSchema":"332fd63041d2c1bcb487cc26dd0d5f7d97098a6c","hash":"e19d336eba3532e6da2742249a51a03292591209"}
,"/Users/idrislutaaya/Desktop/frontend-task/frontend-task/src/containers/App.js": {"path":"/Users/idrislutaaya/Desktop/frontend-task/frontend-task/src/containers/App.js","statementMap":{"0":{"start":{"line":2,"column":0},"end":{"line":null,"column":-1}},"1":{"start":{"line":3,"column":0},"end":{"line":null,"column":-1}},"2":{"start":{"line":4,"column":0},"end":{"line":null,"column":-1}},"3":{"start":{"line":5,"column":0},"end":{"line":null,"column":-1}},"4":{"start":{"line":6,"column":0},"end":{"line":null,"column":-1}},"5":{"start":{"line":7,"column":0},"end":{"line":null,"column":-1}},"6":{"start":{"line":8,"column":0},"end":{"line":null,"column":-1}},"7":{"start":{"line":9,"column":0},"end":{"line":null,"column":-1}},"8":{"start":{"line":10,"column":0},"end":{"line":null,"column":-1}},"9":{"start":{"line":11,"column":0},"end":{"line":null,"column":-1}},"10":{"start":{"line":16,"column":4},"end":{"line":null,"column":-1}},"11":{"start":{"line":15,"column":21},"end":{"line":null,"column":-1}},"12":{"start":{"line":36,"column":40},"end":{"line":35,"column":30}},"13":{"start":{"line":37,"column":6},"end":{"line":null,"column":-1}},"14":{"start":{"line":38,"column":26},"end":{"line":38,"column":8}},"15":{"start":{"line":38,"column":58},"end":{"line":38,"column":26}},"16":{"start":{"line":39,"column":8},"end":{"line":null,"column":-1}},"17":{"start":{"line":40,"column":8},"end":{"line":null,"column":-1}},"18":{"start":{"line":41,"column":8},"end":{"line":null,"column":-1}},"19":{"start":{"line":43,"column":8},"end":{"line":null,"column":-1}},"20":{"start":{"line":56,"column":40},"end":{"line":55,"column":28}},"21":{"start":{"line":57,"column":18},"end":{"line":57,"column":6}},"22":{"start":{"line":61,"column":6},"end":{"line":null,"column":-1}},"23":{"start":{"line":62,"column":21},"end":{"line":62,"column":8}},"24":{"start":{"line":63,"column":10},"end":{"line":66,"column":11}},"25":{"start":{"line":64,"column":12},"end":{"line":null,"column":-1}},"26":{"start":{"line":65,"column":12},"end":{"line":null,"column":-1}},"27":{"start":{"line":67,"column":10},"end":{"line":null,"column":-1}},"28":{"start":{"line":70,"column":8},"end":{"line":null,"column":-1}},"29":{"start":{"line":72,"column":8},"end":{"line":null,"column":-1}},"30":{"start":{"line":73,"column":8},"end":{"line":null,"column":-1}},"31":{"start":{"line":83,"column":6},"end":{"line":null,"column":-1}},"32":{"start":{"line":85,"column":18},"end":{"line":85,"column":6}},"33":{"start":{"line":91,"column":6},"end":{"line":null,"column":-1}},"34":{"start":{"line":92,"column":27},"end":{"line":92,"column":8}},"35":{"start":{"line":93,"column":8},"end":{"line":null,"column":-1}},"36":{"start":{"line":94,"column":8},"end":{"line":null,"column":-1}},"37":{"start":{"line":107,"column":6},"end":{"line":null,"column":-1}},"38":{"start":{"line":111,"column":19},"end":{"line":111,"column":6}},"39":{"start":{"line":112,"column":6},"end":{"line":null,"column":-1}},"40":{"start":{"line":116,"column":6},"end":{"line":null,"column":-1}},"41":{"start":{"line":117,"column":6},"end":{"line":null,"column":-1}},"42":{"start":{"line":121,"column":6},"end":{"line":null,"column":-1}},"43":{"start":{"line":122,"column":6},"end":{"line":null,"column":-1}},"44":{"start":{"line":17,"column":4},"end":{"line":null,"column":-1}},"45":{"start":{"line":26,"column":4},"end":{"line":null,"column":-1}},"46":{"start":{"line":27,"column":4},"end":{"line":null,"column":-1}},"47":{"start":{"line":31,"column":17},"end":{"line":31,"column":4}},"48":{"start":{"line":32,"column":4},"end":{"line":null,"column":-1}},"49":{"start":{"line":103,"column":6},"end":{"line":null,"column":-1}},"50":{"start":{"line":135,"column":10},"end":{"line":126,"column":13}},"51":{"start":{"line":126,"column":13},"end":{"line":126,"column":12}},"52":{"start":{"line":137,"column":6},"end":{"line":null,"column":-1}},"53":{"start":{"line":139,"column":28},"end":{"line":139,"column":6}},"54":{"start":{"line":140,"column":8},"end":{"line":139,"column":28}},"55":{"start":{"line":141,"column":6},"end":{"line":null,"column":-1}}},"fnMap":{"0":{"name":"(anonymous_0)","decl":{"start":{"line":15,"column":2},"end":{"line":15,"column":12}},"loc":{"start":{"line":15,"column":21},"end":{"line":28,"column":3}}},"1":{"name":"(anonymous_1)","decl":{"start":{"line":35,"column":20},"end":{"line":35,"column":18}},"loc":{"start":{"line":35,"column":30},"end":{"line":15,"column":21}}},"2":{"name":"(anonymous_2)","decl":{"start":{"line":37,"column":21},"end":{"line":37,"column":19}},"loc":{"start":{"line":37,"column":31},"end":{"line":37,"column":6}}},"3":{"name":"(anonymous_3)","decl":{"start":{"line":38,"column":50},"end":{"line":38,"column":53}},"loc":{"start":{"line":38,"column":58},"end":{"line":38,"column":26}}},"4":{"name":"(anonymous_4)","decl":{"start":{"line":51,"column":20},"end":{"line":51,"column":25}},"loc":{"start":{"line":51,"column":26},"end":{"line":15,"column":21}}},"5":{"name":"(anonymous_5)","decl":{"start":{"line":55,"column":18},"end":{"line":55,"column":16}},"loc":{"start":{"line":55,"column":28},"end":{"line":15,"column":21}}},"6":{"name":"(anonymous_6)","decl":{"start":{"line":61,"column":21},"end":{"line":61,"column":19}},"loc":{"start":{"line":61,"column":31},"end":{"line":61,"column":6}}},"7":{"name":"(anonymous_7)","decl":{"start":{"line":62,"column":43},"end":{"line":62,"column":41}},"loc":{"start":{"line":62,"column":52},"end":{"line":62,"column":21}}},"8":{"name":"(anonymous_8)","decl":{"start":{"line":82,"column":20},"end":{"line":82,"column":18}},"loc":{"start":{"line":82,"column":30},"end":{"line":15,"column":21}}},"9":{"name":"(anonymous_9)","decl":{"start":{"line":91,"column":21},"end":{"line":91,"column":19}},"loc":{"start":{"line":91,"column":31},"end":{"line":91,"column":6}}},"10":{"name":"(anonymous_10)","decl":{"start":{"line":106,"column":28},"end":{"line":106,"column":27}},"loc":{"start":{"line":106,"column":34},"end":{"line":15,"column":21}}},"11":{"name":"(anonymous_11)","decl":{"start":{"line":110,"column":27},"end":{"line":110,"column":32}},"loc":{"start":{"line":110,"column":33},"end":{"line":15,"column":21}}},"12":{"name":"(anonymous_12)","decl":{"start":{"line":115,"column":28},"end":{"line":115,"column":26}},"loc":{"start":{"line":115,"column":35},"end":{"line":15,"column":21}}},"13":{"name":"(anonymous_13)","decl":{"start":{"line":120,"column":30},"end":{"line":120,"column":28}},"loc":{"start":{"line":120,"column":37},"end":{"line":15,"column":21}}},"14":{"name":"(anonymous_14)","decl":{"start":{"line":30,"column":2},"end":{"line":30,"column":18}},"loc":{"start":{"line":30,"column":22},"end":{"line":33,"column":3}}},"15":{"name":"(anonymous_15)","decl":{"start":{"line":102,"column":4},"end":{"line":102,"column":17}},"loc":{"start":{"line":102,"column":24},"end":{"line":104,"column":5}}},"16":{"name":"(anonymous_16)","decl":{"start":{"line":126,"column":4},"end":{"line":126,"column":9}},"loc":{"start":{"line":126,"column":13},"end":{"line":184,"column":5}}},"17":{"name":"(anonymous_17)","decl":{"start":{"line":139,"column":46},"end":{"line":139,"column":49}},"loc":{"start":{"line":140,"column":8},"end":{"line":139,"column":28}}}},"branchMap":{"0":{"loc":{"start":{"line":63,"column":10},"end":{"line":66,"column":11}},"type":"if","locations":[{"start":{"line":63,"column":10},"end":{"line":66,"column":11}},{"start":{"line":63,"column":10},"end":{"line":66,"column":11}}]},"1":{"loc":{"start":{"line":31,"column":17},"end":{"line":31,"column":61}},"type":"binary-expr","locations":[{"start":{"line":31,"column":17},"end":{"line":31,"column":61}},{"start":{"line":31,"column":62},"end":{"line":31,"column":4}}]}},"s":{"0":0,"1":0,"2":0,"3":0,"4":0,"5":0,"6":0,"7":0,"8":0,"9":0,"10":0,"11":0,"12":0,"13":0,"14":0,"15":0,"16":0,"17":0,"18":0,"19":0,"20":0,"21":0,"22":0,"23":0,"24":0,"25":0,"26":0,"27":0,"28":0,"29":0,"30":0,"31":0,"32":0,"33":0,"34":0,"35":0,"36":0,"37":0,"38":0,"39":0,"40":0,"41":0,"42":0,"43":0,"44":0,"45":0,"46":0,"47":0,"48":0,"49":0,"50":0,"51":0,"52":0,"53":0,"54":0,"55":0},"f":{"0":0,"1":0,"2":0,"3":0,"4":0,"5":0,"6":0,"7":0,"8":0,"9":0,"10":0,"11":0,"12":0,"13":0,"14":0,"15":0,"16":0,"17":0},"b":{"0":[0,0],"1":[0,0]}}
}
