{"/Users/idrislutaaya/Desktop/frontend-task/frontend-task/src/setupTests.js": {"path":"/Users/idrislutaaya/Desktop/frontend-task/frontend-task/src/setupTests.js","statementMap":{"0":{"start":{"line":6,"column":0},"end":{"line":6,"column":29}},"1":{"start":{"line":8,"column":0},"end":{"line":8,"column":38}}},"fnMap":{},"branchMap":{},"s":{"0":7,"1":7},"f":{},"b":{},"_coverageSchema":"332fd63041d2c1bcb487cc26dd0d5f7d97098a6c","hash":"477835356e218d57d510544aed42e64a0ffb4762"}
,"/Users/idrislutaaya/Desktop/frontend-task/frontend-task/src/components/addNote.js": {"path":"/Users/idrislutaaya/Desktop/frontend-task/frontend-task/src/components/addNote.js","statementMap":{"0":{"start":{"line":7,"column":19},"end":{"line":38,"column":1}},"1":{"start":{"line":14,"column":2},"end":{"line":37,"column":8}},"2":{"start":{"line":40,"column":0},"end":{"line":46,"column":2}}},"fnMap":{"0":{"name":"(anonymous_0)","decl":{"start":{"line":7,"column":19},"end":{"line":7,"column":20}},"loc":{"start":{"line":14,"column":2},"end":{"line":37,"column":8}},"line":14}},"branchMap":{},"s":{"0":2,"1":1,"2":2},"f":{"0":1},"b":{},"_coverageSchema":"332fd63041d2c1bcb487cc26dd0d5f7d97098a6c","hash":"18deff3f86110c3f51e1ad8b0b37f7777ea6ce9d"}
,"/Users/idrislutaaya/Desktop/frontend-task/frontend-task/src/components/deleteComponent.js": {"path":"/Users/idrislutaaya/Desktop/frontend-task/frontend-task/src/components/deleteComponent.js","statementMap":{"0":{"start":{"line":6,"column":24},"end":{"line":12,"column":1}},"1":{"start":{"line":7,"column":2},"end":{"line":11,"column":8}},"2":{"start":{"line":10,"column":72},"end":{"line":10,"column":105}},"3":{"start":{"line":14,"column":0},"end":{"line":17,"column":2}}},"fnMap":{"0":{"name":"(anonymous_0)","decl":{"start":{"line":6,"column":24},"end":{"line":6,"column":25}},"loc":{"start":{"line":7,"column":2},"end":{"line":11,"column":8}},"line":7},"1":{"name":"(anonymous_1)","decl":{"start":{"line":10,"column":64},"end":{"line":10,"column":65}},"loc":{"start":{"line":10,"column":70},"end":{"line":10,"column":107}},"line":10}},"branchMap":{},"s":{"0":3,"1":1,"2":1,"3":3},"f":{"0":1,"1":1},"b":{},"_coverageSchema":"332fd63041d2c1bcb487cc26dd0d5f7d97098a6c","hash":"c6180e7a597c6d53857f8d5ea52a6b7dd90fd64f"}
,"/Users/idrislutaaya/Desktop/frontend-task/frontend-task/src/components/displayNote.js": {"path":"/Users/idrislutaaya/Desktop/frontend-task/frontend-task/src/components/displayNote.js","statementMap":{"0":{"start":{"line":7,"column":20},"end":{"line":19,"column":1}},"1":{"start":{"line":8,"column":2},"end":{"line":18,"column":8}},"2":{"start":{"line":21,"column":0},"end":{"line":26,"column":2}}},"fnMap":{"0":{"name":"(anonymous_0)","decl":{"start":{"line":7,"column":20},"end":{"line":7,"column":21}},"loc":{"start":{"line":8,"column":2},"end":{"line":18,"column":8}},"line":8}},"branchMap":{"0":{"loc":{"start":{"line":10,"column":6},"end":{"line":16,"column":103}},"type":"cond-expr","locations":[{"start":{"line":11,"column":6},"end":{"line":14,"column":13}},{"start":{"line":16,"column":8},"end":{"line":16,"column":103}}],"line":10}},"s":{"0":2,"1":1,"2":2},"f":{"0":1},"b":{"0":[0,1]},"_coverageSchema":"332fd63041d2c1bcb487cc26dd0d5f7d97098a6c","hash":"938cb718233b85474b73b044d8e0e6ce7ed6c121"}
,"/Users/idrislutaaya/Desktop/frontend-task/frontend-task/src/components/navBar.js": {"path":"/Users/idrislutaaya/Desktop/frontend-task/frontend-task/src/components/navBar.js","statementMap":{"0":{"start":{"line":4,"column":19},"end":{"line":4,"column":114}},"1":{"start":{"line":5,"column":15},"end":{"line":9,"column":1}},"2":{"start":{"line":6,"column":2},"end":{"line":8,"column":8}}},"fnMap":{"0":{"name":"(anonymous_0)","decl":{"start":{"line":5,"column":15},"end":{"line":5,"column":16}},"loc":{"start":{"line":6,"column":2},"end":{"line":8,"column":8}},"line":6}},"branchMap":{},"s":{"0":2,"1":2,"2":1},"f":{"0":1},"b":{},"_coverageSchema":"332fd63041d2c1bcb487cc26dd0d5f7d97098a6c","hash":"41f4817c54c7b1588631dda5b029bf34e8282508"}
,"/Users/idrislutaaya/Desktop/frontend-task/frontend-task/src/components/search.js": {"path":"/Users/idrislutaaya/Desktop/frontend-task/frontend-task/src/components/search.js","statementMap":{"0":{"start":{"line":6,"column":19},"end":{"line":12,"column":1}},"1":{"start":{"line":7,"column":2},"end":{"line":11,"column":8}},"2":{"start":{"line":14,"column":0},"end":{"line":16,"column":2}}},"fnMap":{"0":{"name":"(anonymous_0)","decl":{"start":{"line":6,"column":19},"end":{"line":6,"column":20}},"loc":{"start":{"line":7,"column":2},"end":{"line":11,"column":8}},"line":7}},"branchMap":{},"s":{"0":2,"1":1,"2":2},"f":{"0":1},"b":{},"_coverageSchema":"332fd63041d2c1bcb487cc26dd0d5f7d97098a6c","hash":"c96cda79728d4f0dfc29bcc183faea0029662f0a"}
,"/Users/idrislutaaya/Desktop/frontend-task/frontend-task/src/components/sideBar.js": {"path":"/Users/idrislutaaya/Desktop/frontend-task/frontend-task/src/components/sideBar.js","statementMap":{"0":{"start":{"line":8,"column":16},"end":{"line":66,"column":1}},"1":{"start":{"line":17,"column":3},"end":{"line":65,"column":8}},"2":{"start":{"line":21,"column":9},"end":{"line":35,"column":13}},"3":{"start":{"line":21,"column":97},"end":{"line":21,"column":120}},"4":{"start":{"line":27,"column":29},"end":{"line":27,"column":64}},"5":{"start":{"line":31,"column":66},"end":{"line":31,"column":98}},"6":{"start":{"line":68,"column":0},"end":{"line":79,"column":2}}},"fnMap":{"0":{"name":"(anonymous_0)","decl":{"start":{"line":8,"column":16},"end":{"line":8,"column":17}},"loc":{"start":{"line":17,"column":3},"end":{"line":65,"column":8}},"line":17},"1":{"name":"(anonymous_1)","decl":{"start":{"line":20,"column":21},"end":{"line":20,"column":22}},"loc":{"start":{"line":21,"column":9},"end":{"line":35,"column":13}},"line":21},"2":{"name":"(anonymous_2)","decl":{"start":{"line":21,"column":89},"end":{"line":21,"column":90}},"loc":{"start":{"line":21,"column":95},"end":{"line":21,"column":122}},"line":21},"3":{"name":"(anonymous_3)","decl":{"start":{"line":27,"column":23},"end":{"line":27,"column":24}},"loc":{"start":{"line":27,"column":29},"end":{"line":27,"column":64}},"line":27},"4":{"name":"(anonymous_4)","decl":{"start":{"line":31,"column":58},"end":{"line":31,"column":59}},"loc":{"start":{"line":31,"column":64},"end":{"line":31,"column":100}},"line":31}},"branchMap":{"0":{"loc":{"start":{"line":19,"column":6},"end":{"line":37,"column":69}},"type":"cond-expr","locations":[{"start":{"line":19,"column":32},"end":{"line":36,"column":9}},{"start":{"line":37,"column":8},"end":{"line":37,"column":69}}],"line":19}},"s":{"0":2,"1":1,"2":1,"3":1,"4":1,"5":1,"6":2},"f":{"0":1,"1":1,"2":1,"3":1,"4":1},"b":{"0":[1,0]},"_coverageSchema":"332fd63041d2c1bcb487cc26dd0d5f7d97098a6c","hash":"1de128baf3066b348c33a40956af876bb76292c0"}
,"/Users/idrislutaaya/Desktop/frontend-task/frontend-task/src/containers/App.js": {"path":"/Users/idrislutaaya/Desktop/frontend-task/frontend-task/src/containers/App.js","statementMap":{"0":{"start":{"line":15,"column":4},"end":{"line":15,"column":17}},"1":{"start":{"line":16,"column":4},"end":{"line":26,"column":6}},"2":{"start":{"line":27,"column":4},"end":{"line":27,"column":57}},"3":{"start":{"line":28,"column":4},"end":{"line":28,"column":57}},"4":{"start":{"line":32,"column":17},"end":{"line":32,"column":64}},"5":{"start":{"line":33,"column":4},"end":{"line":33,"column":40}},"6":{"start":{"line":37,"column":40},"end":{"line":37,"column":45}},"7":{"start":{"line":38,"column":6},"end":{"line":49,"column":9}},"8":{"start":{"line":39,"column":26},"end":{"line":39,"column":73}},"9":{"start":{"line":39,"column":58},"end":{"line":39,"column":72}},"10":{"start":{"line":40,"column":8},"end":{"line":40,"column":65}},"11":{"start":{"line":41,"column":8},"end":{"line":41,"column":41}},"12":{"start":{"line":42,"column":8},"end":{"line":42,"column":33}},"13":{"start":{"line":44,"column":8},"end":{"line":48,"column":10}},"14":{"start":{"line":53,"column":4},"end":{"line":53,"column":72}},"15":{"start":{"line":57,"column":40},"end":{"line":57,"column":45}},"16":{"start":{"line":58,"column":18},"end":{"line":61,"column":7}},"17":{"start":{"line":65,"column":6},"end":{"line":65,"column":55}},"18":{"start":{"line":67,"column":6},"end":{"line":92,"column":7}},"19":{"start":{"line":68,"column":8},"end":{"line":68,"column":71}},"20":{"start":{"line":69,"column":13},"end":{"line":92,"column":7}},"21":{"start":{"line":70,"column":8},"end":{"line":70,"column":68}},"22":{"start":{"line":72,"column":8},"end":{"line":91,"column":11}},"23":{"start":{"line":73,"column":23},"end":{"line":79,"column":12}},"24":{"start":{"line":74,"column":12},"end":{"line":77,"column":13}},"25":{"start":{"line":75,"column":14},"end":{"line":75,"column":37}},"26":{"start":{"line":76,"column":14},"end":{"line":76,"column":35}},"27":{"start":{"line":78,"column":12},"end":{"line":78,"column":24}},"28":{"start":{"line":81,"column":10},"end":{"line":81,"column":62}},"29":{"start":{"line":83,"column":10},"end":{"line":84,"column":28}},"30":{"start":{"line":85,"column":10},"end":{"line":90,"column":12}},"31":{"start":{"line":96,"column":6},"end":{"line":96,"column":29}},"32":{"start":{"line":100,"column":6},"end":{"line":100,"column":55}},"33":{"start":{"line":102,"column":18},"end":{"line":106,"column":7}},"34":{"start":{"line":108,"column":6},"end":{"line":125,"column":7}},"35":{"start":{"line":109,"column":8},"end":{"line":109,"column":71}},"36":{"start":{"line":110,"column":13},"end":{"line":125,"column":7}},"37":{"start":{"line":111,"column":8},"end":{"line":111,"column":68}},"38":{"start":{"line":113,"column":8},"end":{"line":123,"column":11}},"39":{"start":{"line":114,"column":29},"end":{"line":114,"column":55}},"40":{"start":{"line":115,"column":10},"end":{"line":115,"column":68}},"41":{"start":{"line":116,"column":10},"end":{"line":122,"column":12}},"42":{"start":{"line":124,"column":8},"end":{"line":124,"column":38}},"43":{"start":{"line":129,"column":6},"end":{"line":129,"column":61}},"44":{"start":{"line":133,"column":6},"end":{"line":133,"column":48}},"45":{"start":{"line":137,"column":19},"end":{"line":137,"column":39}},"46":{"start":{"line":138,"column":6},"end":{"line":138,"column":54}},"47":{"start":{"line":142,"column":6},"end":{"line":142,"column":28}},"48":{"start":{"line":143,"column":6},"end":{"line":143,"column":60}},"49":{"start":{"line":144,"column":6},"end":{"line":144,"column":36}},"50":{"start":{"line":148,"column":6},"end":{"line":148,"column":28}},"51":{"start":{"line":149,"column":6},"end":{"line":149,"column":38}},"52":{"start":{"line":164,"column":10},"end":{"line":164,"column":20}},"53":{"start":{"line":166,"column":28},"end":{"line":167,"column":70}},"54":{"start":{"line":167,"column":8},"end":{"line":167,"column":69}},"55":{"start":{"line":168,"column":6},"end":{"line":215,"column":8}}},"fnMap":{"0":{"name":"(anonymous_0)","decl":{"start":{"line":14,"column":2},"end":{"line":14,"column":3}},"loc":{"start":{"line":14,"column":21},"end":{"line":29,"column":3}},"line":14},"1":{"name":"(anonymous_1)","decl":{"start":{"line":31,"column":2},"end":{"line":31,"column":3}},"loc":{"start":{"line":31,"column":22},"end":{"line":34,"column":3}},"line":31},"2":{"name":"(anonymous_2)","decl":{"start":{"line":36,"column":19},"end":{"line":36,"column":20}},"loc":{"start":{"line":36,"column":30},"end":{"line":50,"column":5}},"line":36},"3":{"name":"(anonymous_3)","decl":{"start":{"line":38,"column":20},"end":{"line":38,"column":21}},"loc":{"start":{"line":38,"column":31},"end":{"line":49,"column":7}},"line":38},"4":{"name":"(anonymous_4)","decl":{"start":{"line":39,"column":50},"end":{"line":39,"column":51}},"loc":{"start":{"line":39,"column":58},"end":{"line":39,"column":72}},"line":39},"5":{"name":"(anonymous_5)","decl":{"start":{"line":52,"column":20},"end":{"line":52,"column":21}},"loc":{"start":{"line":52,"column":30},"end":{"line":54,"column":3}},"line":52},"6":{"name":"(anonymous_6)","decl":{"start":{"line":56,"column":17},"end":{"line":56,"column":18}},"loc":{"start":{"line":56,"column":28},"end":{"line":93,"column":5}},"line":56},"7":{"name":"(anonymous_7)","decl":{"start":{"line":72,"column":22},"end":{"line":72,"column":23}},"loc":{"start":{"line":72,"column":33},"end":{"line":91,"column":9}},"line":72},"8":{"name":"(anonymous_8)","decl":{"start":{"line":73,"column":44},"end":{"line":73,"column":45}},"loc":{"start":{"line":73,"column":54},"end":{"line":79,"column":11}},"line":73},"9":{"name":"(anonymous_9)","decl":{"start":{"line":95,"column":19},"end":{"line":95,"column":20}},"loc":{"start":{"line":95,"column":30},"end":{"line":126,"column":5}},"line":95},"10":{"name":"(anonymous_10)","decl":{"start":{"line":113,"column":22},"end":{"line":113,"column":23}},"loc":{"start":{"line":113,"column":33},"end":{"line":123,"column":9}},"line":113},"11":{"name":"(anonymous_11)","decl":{"start":{"line":128,"column":4},"end":{"line":128,"column":5}},"loc":{"start":{"line":128,"column":24},"end":{"line":130,"column":5}},"line":128},"12":{"name":"(anonymous_12)","decl":{"start":{"line":132,"column":27},"end":{"line":132,"column":28}},"loc":{"start":{"line":132,"column":34},"end":{"line":134,"column":5}},"line":132},"13":{"name":"(anonymous_13)","decl":{"start":{"line":136,"column":27},"end":{"line":136,"column":28}},"loc":{"start":{"line":136,"column":33},"end":{"line":139,"column":5}},"line":136},"14":{"name":"(anonymous_14)","decl":{"start":{"line":141,"column":27},"end":{"line":141,"column":28}},"loc":{"start":{"line":141,"column":41},"end":{"line":145,"column":5}},"line":141},"15":{"name":"(anonymous_15)","decl":{"start":{"line":147,"column":29},"end":{"line":147,"column":30}},"loc":{"start":{"line":147,"column":37},"end":{"line":150,"column":5}},"line":147},"16":{"name":"(anonymous_16)","decl":{"start":{"line":153,"column":4},"end":{"line":153,"column":5}},"loc":{"start":{"line":153,"column":13},"end":{"line":216,"column":5}},"line":153},"17":{"name":"(anonymous_17)","decl":{"start":{"line":166,"column":46},"end":{"line":166,"column":47}},"loc":{"start":{"line":167,"column":8},"end":{"line":167,"column":69}},"line":167}},"branchMap":{"0":{"loc":{"start":{"line":32,"column":17},"end":{"line":32,"column":64}},"type":"binary-expr","locations":[{"start":{"line":32,"column":17},"end":{"line":32,"column":58}},{"start":{"line":32,"column":62},"end":{"line":32,"column":64}}],"line":32},"1":{"loc":{"start":{"line":67,"column":6},"end":{"line":92,"column":7}},"type":"if","locations":[{"start":{"line":67,"column":6},"end":{"line":92,"column":7}},{"start":{"line":67,"column":6},"end":{"line":92,"column":7}}],"line":67},"2":{"loc":{"start":{"line":69,"column":13},"end":{"line":92,"column":7}},"type":"if","locations":[{"start":{"line":69,"column":13},"end":{"line":92,"column":7}},{"start":{"line":69,"column":13},"end":{"line":92,"column":7}}],"line":69},"3":{"loc":{"start":{"line":74,"column":12},"end":{"line":77,"column":13}},"type":"if","locations":[{"start":{"line":74,"column":12},"end":{"line":77,"column":13}},{"start":{"line":74,"column":12},"end":{"line":77,"column":13}}],"line":74},"4":{"loc":{"start":{"line":108,"column":6},"end":{"line":125,"column":7}},"type":"if","locations":[{"start":{"line":108,"column":6},"end":{"line":125,"column":7}},{"start":{"line":108,"column":6},"end":{"line":125,"column":7}}],"line":108},"5":{"loc":{"start":{"line":110,"column":13},"end":{"line":125,"column":7}},"type":"if","locations":[{"start":{"line":110,"column":13},"end":{"line":125,"column":7}},{"start":{"line":110,"column":13},"end":{"line":125,"column":7}}],"line":110}},"s":{"0":26,"1":26,"2":26,"3":26,"4":26,"5":26,"6":1,"7":1,"8":1,"9":1,"10":1,"11":1,"12":1,"13":1,"14":1,"15":3,"16":3,"17":3,"18":3,"19":1,"20":2,"21":1,"22":1,"23":1,"24":1,"25":0,"26":0,"27":1,"28":1,"29":1,"30":1,"31":4,"32":4,"33":4,"34":4,"35":2,"36":2,"37":1,"38":1,"39":1,"40":1,"41":1,"42":1,"43":1,"44":1,"45":4,"46":4,"47":1,"48":1,"49":1,"50":1,"51":1,"52":83,"53":83,"54":49,"55":83},"f":{"0":26,"1":26,"2":1,"3":1,"4":1,"5":1,"6":3,"7":1,"8":1,"9":4,"10":1,"11":1,"12":1,"13":4,"14":1,"15":1,"16":83,"17":49},"b":{"0":[26,4],"1":[1,2],"2":[1,1],"3":[0,1],"4":[2,2],"5":[1,1]},"_coverageSchema":"332fd63041d2c1bcb487cc26dd0d5f7d97098a6c","hash":"9cc7294aae472f0579d8b268fbb1ed05a8e10dea"}
}
