TN:
SF:/Users/idrislutaaya/Desktop/frontend-task/frontend-task/src/setupTests.js
FNF:0
FNH:0
DA:6,7
DA:8,7
LF:2
LH:2
BRF:0
BRH:0
end_of_record
TN:
SF:/Users/idrislutaaya/Desktop/frontend-task/frontend-task/src/components/addNote.js
FN:7,(anonymous_0)
FNF:1
FNH:1
FNDA:1,(anonymous_0)
DA:7,2
DA:14,1
DA:40,2
LF:3
LH:3
BRF:0
BRH:0
end_of_record
TN:
SF:/Users/idrislutaaya/Desktop/frontend-task/frontend-task/src/components/deleteComponent.js
FN:6,(anonymous_0)
FN:10,(anonymous_1)
FNF:2
FNH:2
FNDA:1,(anonymous_0)
FNDA:1,(anonymous_1)
DA:6,3
DA:7,1
DA:10,1
DA:14,3
LF:4
LH:4
BRF:0
BRH:0
end_of_record
TN:
SF:/Users/idrislutaaya/Desktop/frontend-task/frontend-task/src/components/displayNote.js
FN:7,(anonymous_0)
FNF:1
FNH:1
FNDA:1,(anonymous_0)
DA:7,2
DA:8,1
DA:21,2
LF:3
LH:3
BRDA:10,0,0,0
BRDA:10,0,1,1
BRF:2
BRH:1
end_of_record
TN:
SF:/Users/idrislutaaya/Desktop/frontend-task/frontend-task/src/components/navBar.js
FN:5,(anonymous_0)
FNF:1
FNH:1
FNDA:1,(anonymous_0)
DA:4,2
DA:5,2
DA:6,1
LF:3
LH:3
BRF:0
BRH:0
end_of_record
TN:
SF:/Users/idrislutaaya/Desktop/frontend-task/frontend-task/src/components/search.js
FN:6,(anonymous_0)
FNF:1
FNH:1
FNDA:1,(anonymous_0)
DA:6,2
DA:7,1
DA:14,2
LF:3
LH:3
BRF:0
BRH:0
end_of_record
TN:
SF:/Users/idrislutaaya/Desktop/frontend-task/frontend-task/src/components/sideBar.js
FN:8,(anonymous_0)
FN:20,(anonymous_1)
FN:21,(anonymous_2)
FN:27,(anonymous_3)
FN:31,(anonymous_4)
FNF:5
FNH:5
FNDA:1,(anonymous_0)
FNDA:1,(anonymous_1)
FNDA:1,(anonymous_2)
FNDA:1,(anonymous_3)
FNDA:1,(anonymous_4)
DA:8,2
DA:17,1
DA:21,1
DA:27,1
DA:31,1
DA:68,2
LF:6
LH:6
BRDA:19,0,0,1
BRDA:19,0,1,0
BRF:2
BRH:1
end_of_record
TN:
SF:/Users/idrislutaaya/Desktop/frontend-task/frontend-task/src/containers/App.js
FN:14,(anonymous_0)
FN:31,(anonymous_1)
FN:36,(anonymous_2)
FN:38,(anonymous_3)
FN:39,(anonymous_4)
FN:52,(anonymous_5)
FN:56,(anonymous_6)
FN:72,(anonymous_7)
FN:73,(anonymous_8)
FN:95,(anonymous_9)
FN:113,(anonymous_10)
FN:128,(anonymous_11)
FN:132,(anonymous_12)
FN:136,(anonymous_13)
FN:141,(anonymous_14)
FN:147,(anonymous_15)
FN:153,(anonymous_16)
FN:166,(anonymous_17)
FNF:18
FNH:18
FNDA:26,(anonymous_0)
FNDA:26,(anonymous_1)
FNDA:1,(anonymous_2)
FNDA:1,(anonymous_3)
FNDA:1,(anonymous_4)
FNDA:1,(anonymous_5)
FNDA:3,(anonymous_6)
FNDA:1,(anonymous_7)
FNDA:1,(anonymous_8)
FNDA:4,(anonymous_9)
FNDA:1,(anonymous_10)
FNDA:1,(anonymous_11)
FNDA:1,(anonymous_12)
FNDA:4,(anonymous_13)
FNDA:1,(anonymous_14)
FNDA:1,(anonymous_15)
FNDA:83,(anonymous_16)
FNDA:49,(anonymous_17)
DA:15,26
DA:16,26
DA:27,26
DA:28,26
DA:32,26
DA:33,26
DA:37,1
DA:38,1
DA:39,1
DA:40,1
DA:41,1
DA:42,1
DA:44,1
DA:53,1
DA:57,3
DA:58,3
DA:65,3
DA:67,3
DA:68,1
DA:69,2
DA:70,1
DA:72,1
DA:73,1
DA:74,1
DA:75,0
DA:76,0
DA:78,1
DA:81,1
DA:83,1
DA:85,1
DA:96,4
DA:100,4
DA:102,4
DA:108,4
DA:109,2
DA:110,2
DA:111,1
DA:113,1
DA:114,1
DA:115,1
DA:116,1
DA:124,1
DA:129,1
DA:133,1
DA:137,4
DA:138,4
DA:142,1
DA:143,1
DA:144,1
DA:148,1
DA:149,1
DA:164,83
DA:166,83
DA:167,49
DA:168,83
LF:55
LH:53
BRDA:32,0,0,26
BRDA:32,0,1,4
BRDA:67,1,0,1
BRDA:67,1,1,2
BRDA:69,2,0,1
BRDA:69,2,1,1
BRDA:74,3,0,0
BRDA:74,3,1,1
BRDA:108,4,0,2
BRDA:108,4,1,2
BRDA:110,5,0,1
BRDA:110,5,1,1
BRF:12
BRH:11
end_of_record
