TN:
SF:/Users/idrislutaaya/Desktop/frontend-task/frontend-task/src/setupTests.js
FNF:0
FNH:0
DA:6,7
DA:8,7
LF:2
LH:2
BRF:0
BRH:0
end_of_record
TN:
SF:/Users/idrislutaaya/Desktop/frontend-task/frontend-task/src/components/addNote.js
FN:7,(anonymous_0)
FNF:1
FNH:1
FNDA:1,(anonymous_0)
DA:7,2
DA:14,1
DA:40,2
LF:3
LH:3
BRF:0
BRH:0
end_of_record
TN:
SF:/Users/idrislutaaya/Desktop/frontend-task/frontend-task/src/components/deleteComponent.js
FN:6,(anonymous_0)
FN:10,(anonymous_1)
FNF:2
FNH:2
FNDA:1,(anonymous_0)
FNDA:1,(anonymous_1)
DA:6,3
DA:7,1
DA:10,1
DA:14,3
LF:4
LH:4
BRF:0
BRH:0
end_of_record
TN:
SF:/Users/idrislutaaya/Desktop/frontend-task/frontend-task/src/components/displayNote.js
FN:7,(anonymous_0)
FNF:1
FNH:1
FNDA:1,(anonymous_0)
DA:7,2
DA:8,1
DA:21,2
LF:3
LH:3
BRDA:10,0,0,0
BRDA:10,0,1,1
BRF:2
BRH:1
end_of_record
TN:
SF:/Users/idrislutaaya/Desktop/frontend-task/frontend-task/src/components/navBar.js
FN:5,(anonymous_0)
FNF:1
FNH:1
FNDA:1,(anonymous_0)
DA:4,2
DA:5,2
DA:6,1
LF:3
LH:3
BRF:0
BRH:0
end_of_record
TN:
SF:/Users/idrislutaaya/Desktop/frontend-task/frontend-task/src/components/search.js
FN:6,(anonymous_0)
FNF:1
FNH:1
FNDA:1,(anonymous_0)
DA:6,2
DA:7,1
DA:14,2
LF:3
LH:3
BRF:0
BRH:0
end_of_record
TN:
SF:/Users/idrislutaaya/Desktop/frontend-task/frontend-task/src/components/sideBar.js
FN:8,(anonymous_0)
FN:20,(anonymous_1)
FN:21,(anonymous_2)
FN:31,(anonymous_3)
FN:35,(anonymous_4)
FNF:5
FNH:5
FNDA:1,(anonymous_0)
FNDA:1,(anonymous_1)
FNDA:1,(anonymous_2)
FNDA:1,(anonymous_3)
FNDA:1,(anonymous_4)
DA:8,2
DA:17,1
DA:21,1
DA:31,1
DA:35,1
DA:72,2
LF:6
LH:6
BRDA:19,0,0,1
BRDA:19,0,1,0
BRF:2
BRH:1
end_of_record
TN:
SF:/Users/idrislutaaya/Desktop/frontend-task/frontend-task/src/containers/App.js
FN:14,(anonymous_0)
FN:31,(anonymous_1)
FN:36,(anonymous_2)
FN:38,(anonymous_3)
FN:39,(anonymous_4)
FN:52,(anonymous_5)
FN:56,(anonymous_6)
FN:74,(anonymous_7)
FN:75,(anonymous_8)
FN:97,(anonymous_9)
FN:117,(anonymous_10)
FN:132,(anonymous_11)
FN:136,(anonymous_12)
FN:140,(anonymous_13)
FN:145,(anonymous_14)
FN:151,(anonymous_15)
FN:157,(anonymous_16)
FN:170,(anonymous_17)
FNF:18
FNH:18
FNDA:30,(anonymous_0)
FNDA:30,(anonymous_1)
FNDA:1,(anonymous_2)
FNDA:1,(anonymous_3)
FNDA:1,(anonymous_4)
FNDA:1,(anonymous_5)
FNDA:4,(anonymous_6)
FNDA:1,(anonymous_7)
FNDA:1,(anonymous_8)
FNDA:5,(anonymous_9)
FNDA:1,(anonymous_10)
FNDA:1,(anonymous_11)
FNDA:1,(anonymous_12)
FNDA:5,(anonymous_13)
FNDA:1,(anonymous_14)
FNDA:1,(anonymous_15)
FNDA:97,(anonymous_16)
FNDA:59,(anonymous_17)
DA:15,30
DA:16,30
DA:27,30
DA:28,30
DA:32,30
DA:33,30
DA:37,1
DA:38,1
DA:39,1
DA:40,1
DA:41,1
DA:42,1
DA:44,1
DA:53,1
DA:57,4
DA:58,4
DA:65,4
DA:67,4
DA:68,1
DA:69,3
DA:70,1
DA:71,2
DA:72,1
DA:74,1
DA:75,1
DA:76,1
DA:77,0
DA:78,0
DA:80,1
DA:83,1
DA:85,1
DA:87,1
DA:98,5
DA:102,5
DA:104,5
DA:110,5
DA:111,2
DA:112,3
DA:113,1
DA:114,2
DA:115,1
DA:117,1
DA:118,1
DA:119,1
DA:120,1
DA:128,1
DA:133,1
DA:137,1
DA:141,5
DA:142,5
DA:146,1
DA:147,1
DA:148,1
DA:152,1
DA:153,1
DA:168,97
DA:170,97
DA:171,59
DA:172,97
LF:59
LH:57
BRDA:32,0,0,30
BRDA:32,0,1,4
BRDA:67,1,0,1
BRDA:67,1,1,3
BRDA:69,2,0,1
BRDA:69,2,1,2
BRDA:71,3,0,1
BRDA:71,3,1,1
BRDA:76,4,0,0
BRDA:76,4,1,1
BRDA:110,5,0,2
BRDA:110,5,1,3
BRDA:112,6,0,1
BRDA:112,6,1,2
BRDA:114,7,0,1
BRDA:114,7,1,1
BRF:16
BRH:15
end_of_record
